2019-05-31 17:22:49 Notice: Notice (8): Undefined variable: pageTitle in [D:\xampp\htdocs\timetable\src\Template\Admin\add_class.ctp, line 1]
Request URL: /admin/add-class
Referer URL: http://localhost.timetable.com/
Client IP: 127.0.0.1
Trace:
Cake\Error\BaseErrorHandler::handleError() - CORE\src\Error\BaseErrorHandler.php, line 159
include - APP/Template\Admin\add_class.ctp, line 1
Cake\View\View::_evaluate() - CORE\src\View\View.php, line 1240
Cake\View\View::_render() - CORE\src\View\View.php, line 1201
Cake\View\View::render() - CORE\src\View\View.php, line 803
Cake\Controller\Controller::render() - CORE\src\Controller\Controller.php, line 777
Cake\Http\ActionDispatcher::_invoke() - CORE\src\Http\ActionDispatcher.php, line 126
Cake\Http\ActionDispatcher::dispatch() - CORE\src\Http\ActionDispatcher.php, line 94
Cake\Http\BaseApplication::__invoke() - CORE\src\Http\BaseApplication.php, line 235
Cake\Http\Runner::__invoke() - CORE\src\Http\Runner.php, line 65
Cake\Http\Middleware\CsrfProtectionMiddleware::__invoke() - CORE\src\Http\Middleware\CsrfProtectionMiddleware.php, line 107
Cake\Http\Runner::__invoke() - CORE\src\Http\Runner.php, line 65
Cake\Routing\Middleware\RoutingMiddleware::__invoke() - CORE\src\Routing\Middleware\RoutingMiddleware.php, line 156
Cake\Http\Runner::__invoke() - CORE\src\Http\Runner.php, line 65
Cake\Routing\Middleware\AssetMiddleware::__invoke() - CORE\src\Routing\Middleware\AssetMiddleware.php, line 88
Cake\Http\Runner::__invoke() - CORE\src\Http\Runner.php, line 65
Cake\Error\Middleware\ErrorHandlerMiddleware::__invoke() - CORE\src\Error\Middleware\ErrorHandlerMiddleware.php, line 98
Cake\Http\Runner::__invoke() - CORE\src\Http\Runner.php, line 65
Cake\Http\Runner::run() - CORE\src\Http\Runner.php, line 51
Cake\Http\Server::run() - CORE\src\Http\Server.php, line 98
[main] - ROOT\webroot\index.php, line 40



2019-05-31 17:22:49 Notice: Notice (8): Undefined variable: UsersTableEntity in [D:\xampp\htdocs\timetable\src\Template\Admin\add_class.ctp, line 7]
Request URL: /admin/add-class
Referer URL: http://localhost.timetable.com/
Client IP: 127.0.0.1
Trace:
Cake\Error\BaseErrorHandler::handleError() - CORE\src\Error\BaseErrorHandler.php, line 159
include - APP/Template\Admin\add_class.ctp, line 7
Cake\View\View::_evaluate() - CORE\src\View\View.php, line 1240
Cake\View\View::_render() - CORE\src\View\View.php, line 1201
Cake\View\View::render() - CORE\src\View\View.php, line 803
Cake\Controller\Controller::render() - CORE\src\Controller\Controller.php, line 777
Cake\Http\ActionDispatcher::_invoke() - CORE\src\Http\ActionDispatcher.php, line 126
Cake\Http\ActionDispatcher::dispatch() - CORE\src\Http\ActionDispatcher.php, line 94
Cake\Http\BaseApplication::__invoke() - CORE\src\Http\BaseApplication.php, line 235
Cake\Http\Runner::__invoke() - CORE\src\Http\Runner.php, line 65
Cake\Http\Middleware\CsrfProtectionMiddleware::__invoke() - CORE\src\Http\Middleware\CsrfProtectionMiddleware.php, line 107
Cake\Http\Runner::__invoke() - CORE\src\Http\Runner.php, line 65
Cake\Routing\Middleware\RoutingMiddleware::__invoke() - CORE\src\Routing\Middleware\RoutingMiddleware.php, line 156
Cake\Http\Runner::__invoke() - CORE\src\Http\Runner.php, line 65
Cake\Routing\Middleware\AssetMiddleware::__invoke() - CORE\src\Routing\Middleware\AssetMiddleware.php, line 88
Cake\Http\Runner::__invoke() - CORE\src\Http\Runner.php, line 65
Cake\Error\Middleware\ErrorHandlerMiddleware::__invoke() - CORE\src\Error\Middleware\ErrorHandlerMiddleware.php, line 98
Cake\Http\Runner::__invoke() - CORE\src\Http\Runner.php, line 65
Cake\Http\Runner::run() - CORE\src\Http\Runner.php, line 51
Cake\Http\Server::run() - CORE\src\Http\Server.php, line 98
[main] - ROOT\webroot\index.php, line 40



2019-05-31 17:23:01 Notice: Notice (8): Undefined variable: pageTitle in [D:\xampp\htdocs\timetable\src\Template\Admin\add_class.ctp, line 1]
Request URL: /admin/add-class
Referer URL: http://localhost.timetable.com/
Client IP: 127.0.0.1
Trace:
Cake\Error\BaseErrorHandler::handleError() - CORE\src\Error\BaseErrorHandler.php, line 159
include - APP/Template\Admin\add_class.ctp, line 1
Cake\View\View::_evaluate() - CORE\src\View\View.php, line 1240
Cake\View\View::_render() - CORE\src\View\View.php, line 1201
Cake\View\View::render() - CORE\src\View\View.php, line 803
Cake\Controller\Controller::render() - CORE\src\Controller\Controller.php, line 777
Cake\Http\ActionDispatcher::_invoke() - CORE\src\Http\ActionDispatcher.php, line 126
Cake\Http\ActionDispatcher::dispatch() - CORE\src\Http\ActionDispatcher.php, line 94
Cake\Http\BaseApplication::__invoke() - CORE\src\Http\BaseApplication.php, line 235
Cake\Http\Runner::__invoke() - CORE\src\Http\Runner.php, line 65
Cake\Http\Middleware\CsrfProtectionMiddleware::__invoke() - CORE\src\Http\Middleware\CsrfProtectionMiddleware.php, line 107
Cake\Http\Runner::__invoke() - CORE\src\Http\Runner.php, line 65
Cake\Routing\Middleware\RoutingMiddleware::__invoke() - CORE\src\Routing\Middleware\RoutingMiddleware.php, line 156
Cake\Http\Runner::__invoke() - CORE\src\Http\Runner.php, line 65
Cake\Routing\Middleware\AssetMiddleware::__invoke() - CORE\src\Routing\Middleware\AssetMiddleware.php, line 88
Cake\Http\Runner::__invoke() - CORE\src\Http\Runner.php, line 65
Cake\Error\Middleware\ErrorHandlerMiddleware::__invoke() - CORE\src\Error\Middleware\ErrorHandlerMiddleware.php, line 98
Cake\Http\Runner::__invoke() - CORE\src\Http\Runner.php, line 65
Cake\Http\Runner::run() - CORE\src\Http\Runner.php, line 51
Cake\Http\Server::run() - CORE\src\Http\Server.php, line 98
[main] - ROOT\webroot\index.php, line 40



