2019-05-31 17:04:15 Warning: DebugKit is disabling itself as your host `localhost.timetable.com` is not in the known safe list of top-level-domains (localhost, dev, invalid, test, example, local). If you would like to force DebugKit on use the `DebugKit.forceEnable` Configure option.
2019-05-31 17:05:58 Warning: DebugKit is disabling itself as your host `localhost.timetable.com` is not in the known safe list of top-level-domains (localhost, dev, invalid, test, example, local). If you would like to force DebugKit on use the `DebugKit.forceEnable` Configure option.
2019-05-31 17:06:10 Warning: DebugKit is disabling itself as your host `localhost.timetable.com` is not in the known safe list of top-level-domains (localhost, dev, invalid, test, example, local). If you would like to force DebugKit on use the `DebugKit.forceEnable` Configure option.
2019-05-31 17:11:11 Warning: DebugKit is disabling itself as your host `localhost.timetable.com` is not in the known safe list of top-level-domains (localhost, dev, invalid, test, example, local). If you would like to force DebugKit on use the `DebugKit.forceEnable` Configure option.
2019-05-31 17:11:11 Error: [Cake\Routing\Exception\MissingControllerException] Controller class Admin could not be found.
Exception Attributes: array (
  'class' => 'Admin',
  'plugin' => false,
  'prefix' => false,
  '_ext' => false,
)
Request URL: /
Stack Trace:
#0 D:\xampp\htdocs\timetable\vendor\cakephp\cakephp\src\Http\ControllerFactory.php(39): Cake\Http\ControllerFactory->missingController(Object(Cake\Http\ServerRequest))
#1 D:\xampp\htdocs\timetable\vendor\cakephp\cakephp\src\Http\ActionDispatcher.php(91): Cake\Http\ControllerFactory->create(Object(Cake\Http\ServerRequest), Object(Cake\Http\Response))
#2 D:\xampp\htdocs\timetable\vendor\cakephp\cakephp\src\Http\BaseApplication.php(235): Cake\Http\ActionDispatcher->dispatch(Object(Cake\Http\ServerRequest), Object(Cake\Http\Response))
#3 D:\xampp\htdocs\timetable\vendor\cakephp\cakephp\src\Http\Runner.php(65): Cake\Http\BaseApplication->__invoke(Object(Cake\Http\ServerRequest), Object(Cake\Http\Response), Object(Cake\Http\Runner))
#4 D:\xampp\htdocs\timetable\vendor\cakephp\cakephp\src\Http\Middleware\CsrfProtectionMiddleware.php(107): Cake\Http\Runner->__invoke(Object(Cake\Http\ServerRequest), Object(Cake\Http\Response))
#5 D:\xampp\htdocs\timetable\vendor\cakephp\cakephp\src\Http\Runner.php(65): Cake\Http\Middleware\CsrfProtectionMiddleware->__invoke(Object(Cake\Http\ServerRequest), Object(Cake\Http\Response), Object(Cake\Http\Runner))
#6 D:\xampp\htdocs\timetable\vendor\cakephp\cakephp\src\Routing\Middleware\RoutingMiddleware.php(156): Cake\Http\Runner->__invoke(Object(Cake\Http\ServerRequest), Object(Cake\Http\Response))
#7 D:\xampp\htdocs\timetable\vendor\cakephp\cakephp\src\Http\Runner.php(65): Cake\Routing\Middleware\RoutingMiddleware->__invoke(Object(Cake\Http\ServerRequest), Object(Cake\Http\Response), Object(Cake\Http\Runner))
#8 D:\xampp\htdocs\timetable\vendor\cakephp\cakephp\src\Routing\Middleware\AssetMiddleware.php(88): Cake\Http\Runner->__invoke(Object(Cake\Http\ServerRequest), Object(Cake\Http\Response))
#9 D:\xampp\htdocs\timetable\vendor\cakephp\cakephp\src\Http\Runner.php(65): Cake\Routing\Middleware\AssetMiddleware->__invoke(Object(Cake\Http\ServerRequest), Object(Cake\Http\Response), Object(Cake\Http\Runner))
#10 D:\xampp\htdocs\timetable\vendor\cakephp\cakephp\src\Error\Middleware\ErrorHandlerMiddleware.php(98): Cake\Http\Runner->__invoke(Object(Cake\Http\ServerRequest), Object(Cake\Http\Response))
#11 D:\xampp\htdocs\timetable\vendor\cakephp\cakephp\src\Http\Runner.php(65): Cake\Error\Middleware\ErrorHandlerMiddleware->__invoke(Object(Cake\Http\ServerRequest), Object(Cake\Http\Response), Object(Cake\Http\Runner))
#12 D:\xampp\htdocs\timetable\vendor\cakephp\cakephp\src\Http\Runner.php(51): Cake\Http\Runner->__invoke(Object(Cake\Http\ServerRequest), Object(Cake\Http\Response))
#13 D:\xampp\htdocs\timetable\vendor\cakephp\cakephp\src\Http\Server.php(98): Cake\Http\Runner->run(Object(Cake\Http\MiddlewareQueue), Object(Cake\Http\ServerRequest), Object(Cake\Http\Response))
#14 D:\xampp\htdocs\timetable\webroot\index.php(40): Cake\Http\Server->run()
#15 {main}


2019-05-31 17:11:40 Warning: DebugKit is disabling itself as your host `localhost.timetable.com` is not in the known safe list of top-level-domains (localhost, dev, invalid, test, example, local). If you would like to force DebugKit on use the `DebugKit.forceEnable` Configure option.
2019-05-31 17:11:40 Error: [Cake\Routing\Exception\MissingControllerException] Controller class Admin could not be found.
Exception Attributes: array (
  'class' => 'Admin',
  'plugin' => false,
  'prefix' => false,
  '_ext' => false,
)
Request URL: /
Stack Trace:
#0 D:\xampp\htdocs\timetable\vendor\cakephp\cakephp\src\Http\ControllerFactory.php(39): Cake\Http\ControllerFactory->missingController(Object(Cake\Http\ServerRequest))
#1 D:\xampp\htdocs\timetable\vendor\cakephp\cakephp\src\Http\ActionDispatcher.php(91): Cake\Http\ControllerFactory->create(Object(Cake\Http\ServerRequest), Object(Cake\Http\Response))
#2 D:\xampp\htdocs\timetable\vendor\cakephp\cakephp\src\Http\BaseApplication.php(235): Cake\Http\ActionDispatcher->dispatch(Object(Cake\Http\ServerRequest), Object(Cake\Http\Response))
#3 D:\xampp\htdocs\timetable\vendor\cakephp\cakephp\src\Http\Runner.php(65): Cake\Http\BaseApplication->__invoke(Object(Cake\Http\ServerRequest), Object(Cake\Http\Response), Object(Cake\Http\Runner))
#4 D:\xampp\htdocs\timetable\vendor\cakephp\cakephp\src\Http\Middleware\CsrfProtectionMiddleware.php(107): Cake\Http\Runner->__invoke(Object(Cake\Http\ServerRequest), Object(Cake\Http\Response))
#5 D:\xampp\htdocs\timetable\vendor\cakephp\cakephp\src\Http\Runner.php(65): Cake\Http\Middleware\CsrfProtectionMiddleware->__invoke(Object(Cake\Http\ServerRequest), Object(Cake\Http\Response), Object(Cake\Http\Runner))
#6 D:\xampp\htdocs\timetable\vendor\cakephp\cakephp\src\Routing\Middleware\RoutingMiddleware.php(156): Cake\Http\Runner->__invoke(Object(Cake\Http\ServerRequest), Object(Cake\Http\Response))
#7 D:\xampp\htdocs\timetable\vendor\cakephp\cakephp\src\Http\Runner.php(65): Cake\Routing\Middleware\RoutingMiddleware->__invoke(Object(Cake\Http\ServerRequest), Object(Cake\Http\Response), Object(Cake\Http\Runner))
#8 D:\xampp\htdocs\timetable\vendor\cakephp\cakephp\src\Routing\Middleware\AssetMiddleware.php(88): Cake\Http\Runner->__invoke(Object(Cake\Http\ServerRequest), Object(Cake\Http\Response))
#9 D:\xampp\htdocs\timetable\vendor\cakephp\cakephp\src\Http\Runner.php(65): Cake\Routing\Middleware\AssetMiddleware->__invoke(Object(Cake\Http\ServerRequest), Object(Cake\Http\Response), Object(Cake\Http\Runner))
#10 D:\xampp\htdocs\timetable\vendor\cakephp\cakephp\src\Error\Middleware\ErrorHandlerMiddleware.php(98): Cake\Http\Runner->__invoke(Object(Cake\Http\ServerRequest), Object(Cake\Http\Response))
#11 D:\xampp\htdocs\timetable\vendor\cakephp\cakephp\src\Http\Runner.php(65): Cake\Error\Middleware\ErrorHandlerMiddleware->__invoke(Object(Cake\Http\ServerRequest), Object(Cake\Http\Response), Object(Cake\Http\Runner))
#12 D:\xampp\htdocs\timetable\vendor\cakephp\cakephp\src\Http\Runner.php(51): Cake\Http\Runner->__invoke(Object(Cake\Http\ServerRequest), Object(Cake\Http\Response))
#13 D:\xampp\htdocs\timetable\vendor\cakephp\cakephp\src\Http\Server.php(98): Cake\Http\Runner->run(Object(Cake\Http\MiddlewareQueue), Object(Cake\Http\ServerRequest), Object(Cake\Http\Response))
#14 D:\xampp\htdocs\timetable\webroot\index.php(40): Cake\Http\Server->run()
#15 {main}


2019-05-31 17:11:58 Warning: DebugKit is disabling itself as your host `localhost.timetable.com` is not in the known safe list of top-level-domains (localhost, dev, invalid, test, example, local). If you would like to force DebugKit on use the `DebugKit.forceEnable` Configure option.
2019-05-31 17:11:58 Error: [Cake\Routing\Exception\MissingControllerException] Controller class Admin could not be found.
Exception Attributes: array (
  'class' => 'Admin',
  'plugin' => false,
  'prefix' => false,
  '_ext' => false,
)
Request URL: /
Stack Trace:
#0 D:\xampp\htdocs\timetable\vendor\cakephp\cakephp\src\Http\ControllerFactory.php(39): Cake\Http\ControllerFactory->missingController(Object(Cake\Http\ServerRequest))
#1 D:\xampp\htdocs\timetable\vendor\cakephp\cakephp\src\Http\ActionDispatcher.php(91): Cake\Http\ControllerFactory->create(Object(Cake\Http\ServerRequest), Object(Cake\Http\Response))
#2 D:\xampp\htdocs\timetable\vendor\cakephp\cakephp\src\Http\BaseApplication.php(235): Cake\Http\ActionDispatcher->dispatch(Object(Cake\Http\ServerRequest), Object(Cake\Http\Response))
#3 D:\xampp\htdocs\timetable\vendor\cakephp\cakephp\src\Http\Runner.php(65): Cake\Http\BaseApplication->__invoke(Object(Cake\Http\ServerRequest), Object(Cake\Http\Response), Object(Cake\Http\Runner))
#4 D:\xampp\htdocs\timetable\vendor\cakephp\cakephp\src\Http\Middleware\CsrfProtectionMiddleware.php(107): Cake\Http\Runner->__invoke(Object(Cake\Http\ServerRequest), Object(Cake\Http\Response))
#5 D:\xampp\htdocs\timetable\vendor\cakephp\cakephp\src\Http\Runner.php(65): Cake\Http\Middleware\CsrfProtectionMiddleware->__invoke(Object(Cake\Http\ServerRequest), Object(Cake\Http\Response), Object(Cake\Http\Runner))
#6 D:\xampp\htdocs\timetable\vendor\cakephp\cakephp\src\Routing\Middleware\RoutingMiddleware.php(156): Cake\Http\Runner->__invoke(Object(Cake\Http\ServerRequest), Object(Cake\Http\Response))
#7 D:\xampp\htdocs\timetable\vendor\cakephp\cakephp\src\Http\Runner.php(65): Cake\Routing\Middleware\RoutingMiddleware->__invoke(Object(Cake\Http\ServerRequest), Object(Cake\Http\Response), Object(Cake\Http\Runner))
#8 D:\xampp\htdocs\timetable\vendor\cakephp\cakephp\src\Routing\Middleware\AssetMiddleware.php(88): Cake\Http\Runner->__invoke(Object(Cake\Http\ServerRequest), Object(Cake\Http\Response))
#9 D:\xampp\htdocs\timetable\vendor\cakephp\cakephp\src\Http\Runner.php(65): Cake\Routing\Middleware\AssetMiddleware->__invoke(Object(Cake\Http\ServerRequest), Object(Cake\Http\Response), Object(Cake\Http\Runner))
#10 D:\xampp\htdocs\timetable\vendor\cakephp\cakephp\src\Error\Middleware\ErrorHandlerMiddleware.php(98): Cake\Http\Runner->__invoke(Object(Cake\Http\ServerRequest), Object(Cake\Http\Response))
#11 D:\xampp\htdocs\timetable\vendor\cakephp\cakephp\src\Http\Runner.php(65): Cake\Error\Middleware\ErrorHandlerMiddleware->__invoke(Object(Cake\Http\ServerRequest), Object(Cake\Http\Response), Object(Cake\Http\Runner))
#12 D:\xampp\htdocs\timetable\vendor\cakephp\cakephp\src\Http\Runner.php(51): Cake\Http\Runner->__invoke(Object(Cake\Http\ServerRequest), Object(Cake\Http\Response))
#13 D:\xampp\htdocs\timetable\vendor\cakephp\cakephp\src\Http\Server.php(98): Cake\Http\Runner->run(Object(Cake\Http\MiddlewareQueue), Object(Cake\Http\ServerRequest), Object(Cake\Http\Response))
#14 D:\xampp\htdocs\timetable\webroot\index.php(40): Cake\Http\Server->run()
#15 {main}


2019-05-31 17:12:43 Warning: DebugKit is disabling itself as your host `localhost.timetable.com` is not in the known safe list of top-level-domains (localhost, dev, invalid, test, example, local). If you would like to force DebugKit on use the `DebugKit.forceEnable` Configure option.
2019-05-31 17:12:43 Error: [Cake\Routing\Exception\MissingControllerException] Controller class Admin could not be found.
Exception Attributes: array (
  'class' => 'Admin',
  'plugin' => false,
  'prefix' => false,
  '_ext' => false,
)
Request URL: /
Stack Trace:
#0 D:\xampp\htdocs\timetable\vendor\cakephp\cakephp\src\Http\ControllerFactory.php(39): Cake\Http\ControllerFactory->missingController(Object(Cake\Http\ServerRequest))
#1 D:\xampp\htdocs\timetable\vendor\cakephp\cakephp\src\Http\ActionDispatcher.php(91): Cake\Http\ControllerFactory->create(Object(Cake\Http\ServerRequest), Object(Cake\Http\Response))
#2 D:\xampp\htdocs\timetable\vendor\cakephp\cakephp\src\Http\BaseApplication.php(235): Cake\Http\ActionDispatcher->dispatch(Object(Cake\Http\ServerRequest), Object(Cake\Http\Response))
#3 D:\xampp\htdocs\timetable\vendor\cakephp\cakephp\src\Http\Runner.php(65): Cake\Http\BaseApplication->__invoke(Object(Cake\Http\ServerRequest), Object(Cake\Http\Response), Object(Cake\Http\Runner))
#4 D:\xampp\htdocs\timetable\vendor\cakephp\cakephp\src\Http\Middleware\CsrfProtectionMiddleware.php(107): Cake\Http\Runner->__invoke(Object(Cake\Http\ServerRequest), Object(Cake\Http\Response))
#5 D:\xampp\htdocs\timetable\vendor\cakephp\cakephp\src\Http\Runner.php(65): Cake\Http\Middleware\CsrfProtectionMiddleware->__invoke(Object(Cake\Http\ServerRequest), Object(Cake\Http\Response), Object(Cake\Http\Runner))
#6 D:\xampp\htdocs\timetable\vendor\cakephp\cakephp\src\Routing\Middleware\RoutingMiddleware.php(156): Cake\Http\Runner->__invoke(Object(Cake\Http\ServerRequest), Object(Cake\Http\Response))
#7 D:\xampp\htdocs\timetable\vendor\cakephp\cakephp\src\Http\Runner.php(65): Cake\Routing\Middleware\RoutingMiddleware->__invoke(Object(Cake\Http\ServerRequest), Object(Cake\Http\Response), Object(Cake\Http\Runner))
#8 D:\xampp\htdocs\timetable\vendor\cakephp\cakephp\src\Routing\Middleware\AssetMiddleware.php(88): Cake\Http\Runner->__invoke(Object(Cake\Http\ServerRequest), Object(Cake\Http\Response))
#9 D:\xampp\htdocs\timetable\vendor\cakephp\cakephp\src\Http\Runner.php(65): Cake\Routing\Middleware\AssetMiddleware->__invoke(Object(Cake\Http\ServerRequest), Object(Cake\Http\Response), Object(Cake\Http\Runner))
#10 D:\xampp\htdocs\timetable\vendor\cakephp\cakephp\src\Error\Middleware\ErrorHandlerMiddleware.php(98): Cake\Http\Runner->__invoke(Object(Cake\Http\ServerRequest), Object(Cake\Http\Response))
#11 D:\xampp\htdocs\timetable\vendor\cakephp\cakephp\src\Http\Runner.php(65): Cake\Error\Middleware\ErrorHandlerMiddleware->__invoke(Object(Cake\Http\ServerRequest), Object(Cake\Http\Response), Object(Cake\Http\Runner))
#12 D:\xampp\htdocs\timetable\vendor\cakephp\cakephp\src\Http\Runner.php(51): Cake\Http\Runner->__invoke(Object(Cake\Http\ServerRequest), Object(Cake\Http\Response))
#13 D:\xampp\htdocs\timetable\vendor\cakephp\cakephp\src\Http\Server.php(98): Cake\Http\Runner->run(Object(Cake\Http\MiddlewareQueue), Object(Cake\Http\ServerRequest), Object(Cake\Http\Response))
#14 D:\xampp\htdocs\timetable\webroot\index.php(40): Cake\Http\Server->run()
#15 {main}


2019-05-31 17:14:10 Warning: DebugKit is disabling itself as your host `localhost.timetable.com` is not in the known safe list of top-level-domains (localhost, dev, invalid, test, example, local). If you would like to force DebugKit on use the `DebugKit.forceEnable` Configure option.
2019-05-31 17:14:39 Warning: DebugKit is disabling itself as your host `localhost.timetable.com` is not in the known safe list of top-level-domains (localhost, dev, invalid, test, example, local). If you would like to force DebugKit on use the `DebugKit.forceEnable` Configure option.
2019-05-31 17:14:45 Warning: DebugKit is disabling itself as your host `localhost.timetable.com` is not in the known safe list of top-level-domains (localhost, dev, invalid, test, example, local). If you would like to force DebugKit on use the `DebugKit.forceEnable` Configure option.
2019-05-31 17:16:08 Warning: DebugKit is disabling itself as your host `localhost.timetable.com` is not in the known safe list of top-level-domains (localhost, dev, invalid, test, example, local). If you would like to force DebugKit on use the `DebugKit.forceEnable` Configure option.
2019-05-31 17:16:10 Warning: DebugKit is disabling itself as your host `localhost.timetable.com` is not in the known safe list of top-level-domains (localhost, dev, invalid, test, example, local). If you would like to force DebugKit on use the `DebugKit.forceEnable` Configure option.
2019-05-31 17:16:11 Warning: DebugKit is disabling itself as your host `localhost.timetable.com` is not in the known safe list of top-level-domains (localhost, dev, invalid, test, example, local). If you would like to force DebugKit on use the `DebugKit.forceEnable` Configure option.
2019-05-31 17:16:11 Warning: DebugKit is disabling itself as your host `localhost.timetable.com` is not in the known safe list of top-level-domains (localhost, dev, invalid, test, example, local). If you would like to force DebugKit on use the `DebugKit.forceEnable` Configure option.
2019-05-31 17:16:12 Warning: DebugKit is disabling itself as your host `localhost.timetable.com` is not in the known safe list of top-level-domains (localhost, dev, invalid, test, example, local). If you would like to force DebugKit on use the `DebugKit.forceEnable` Configure option.
2019-05-31 17:16:12 Warning: DebugKit is disabling itself as your host `localhost.timetable.com` is not in the known safe list of top-level-domains (localhost, dev, invalid, test, example, local). If you would like to force DebugKit on use the `DebugKit.forceEnable` Configure option.
2019-05-31 17:16:13 Warning: DebugKit is disabling itself as your host `localhost.timetable.com` is not in the known safe list of top-level-domains (localhost, dev, invalid, test, example, local). If you would like to force DebugKit on use the `DebugKit.forceEnable` Configure option.
2019-05-31 17:16:13 Warning: DebugKit is disabling itself as your host `localhost.timetable.com` is not in the known safe list of top-level-domains (localhost, dev, invalid, test, example, local). If you would like to force DebugKit on use the `DebugKit.forceEnable` Configure option.
2019-05-31 17:16:16 Warning: DebugKit is disabling itself as your host `localhost.timetable.com` is not in the known safe list of top-level-domains (localhost, dev, invalid, test, example, local). If you would like to force DebugKit on use the `DebugKit.forceEnable` Configure option.
2019-05-31 17:16:17 Warning: DebugKit is disabling itself as your host `localhost.timetable.com` is not in the known safe list of top-level-domains (localhost, dev, invalid, test, example, local). If you would like to force DebugKit on use the `DebugKit.forceEnable` Configure option.
2019-05-31 17:17:36 Warning: DebugKit is disabling itself as your host `localhost.timetable.com` is not in the known safe list of top-level-domains (localhost, dev, invalid, test, example, local). If you would like to force DebugKit on use the `DebugKit.forceEnable` Configure option.
2019-05-31 17:19:21 Warning: DebugKit is disabling itself as your host `localhost.timetable.com` is not in the known safe list of top-level-domains (localhost, dev, invalid, test, example, local). If you would like to force DebugKit on use the `DebugKit.forceEnable` Configure option.
2019-05-31 17:20:38 Warning: DebugKit is disabling itself as your host `localhost.timetable.com` is not in the known safe list of top-level-domains (localhost, dev, invalid, test, example, local). If you would like to force DebugKit on use the `DebugKit.forceEnable` Configure option.
2019-05-31 17:20:40 Warning: DebugKit is disabling itself as your host `localhost.timetable.com` is not in the known safe list of top-level-domains (localhost, dev, invalid, test, example, local). If you would like to force DebugKit on use the `DebugKit.forceEnable` Configure option.
2019-05-31 17:20:40 Error: [Cake\View\Exception\MissingTemplateException] Template file "Admin\add_class.ctp" is missing.
Exception Attributes: array (
  'file' => 'Admin\\add_class.ctp',
)
Request URL: /admin/add-class
Referer URL: http://localhost.timetable.com/
Stack Trace:
#0 D:\xampp\htdocs\timetable\vendor\cakephp\cakephp\src\View\View.php(799): Cake\View\View->_getViewFileName(NULL)
#1 D:\xampp\htdocs\timetable\vendor\cakephp\cakephp\src\Controller\Controller.php(777): Cake\View\View->render(NULL, NULL)
#2 D:\xampp\htdocs\timetable\vendor\cakephp\cakephp\src\Http\ActionDispatcher.php(126): Cake\Controller\Controller->render()
#3 D:\xampp\htdocs\timetable\vendor\cakephp\cakephp\src\Http\ActionDispatcher.php(94): Cake\Http\ActionDispatcher->_invoke(Object(App\Controller\AdminController))
#4 D:\xampp\htdocs\timetable\vendor\cakephp\cakephp\src\Http\BaseApplication.php(235): Cake\Http\ActionDispatcher->dispatch(Object(Cake\Http\ServerRequest), Object(Cake\Http\Response))
#5 D:\xampp\htdocs\timetable\vendor\cakephp\cakephp\src\Http\Runner.php(65): Cake\Http\BaseApplication->__invoke(Object(Cake\Http\ServerRequest), Object(Cake\Http\Response), Object(Cake\Http\Runner))
#6 D:\xampp\htdocs\timetable\vendor\cakephp\cakephp\src\Http\Middleware\CsrfProtectionMiddleware.php(107): Cake\Http\Runner->__invoke(Object(Cake\Http\ServerRequest), Object(Cake\Http\Response))
#7 D:\xampp\htdocs\timetable\vendor\cakephp\cakephp\src\Http\Runner.php(65): Cake\Http\Middleware\CsrfProtectionMiddleware->__invoke(Object(Cake\Http\ServerRequest), Object(Cake\Http\Response), Object(Cake\Http\Runner))
#8 D:\xampp\htdocs\timetable\vendor\cakephp\cakephp\src\Routing\Middleware\RoutingMiddleware.php(156): Cake\Http\Runner->__invoke(Object(Cake\Http\ServerRequest), Object(Cake\Http\Response))
#9 D:\xampp\htdocs\timetable\vendor\cakephp\cakephp\src\Http\Runner.php(65): Cake\Routing\Middleware\RoutingMiddleware->__invoke(Object(Cake\Http\ServerRequest), Object(Cake\Http\Response), Object(Cake\Http\Runner))
#10 D:\xampp\htdocs\timetable\vendor\cakephp\cakephp\src\Routing\Middleware\AssetMiddleware.php(88): Cake\Http\Runner->__invoke(Object(Cake\Http\ServerRequest), Object(Cake\Http\Response))
#11 D:\xampp\htdocs\timetable\vendor\cakephp\cakephp\src\Http\Runner.php(65): Cake\Routing\Middleware\AssetMiddleware->__invoke(Object(Cake\Http\ServerRequest), Object(Cake\Http\Response), Object(Cake\Http\Runner))
#12 D:\xampp\htdocs\timetable\vendor\cakephp\cakephp\src\Error\Middleware\ErrorHandlerMiddleware.php(98): Cake\Http\Runner->__invoke(Object(Cake\Http\ServerRequest), Object(Cake\Http\Response))
#13 D:\xampp\htdocs\timetable\vendor\cakephp\cakephp\src\Http\Runner.php(65): Cake\Error\Middleware\ErrorHandlerMiddleware->__invoke(Object(Cake\Http\ServerRequest), Object(Cake\Http\Response), Object(Cake\Http\Runner))
#14 D:\xampp\htdocs\timetable\vendor\cakephp\cakephp\src\Http\Runner.php(51): Cake\Http\Runner->__invoke(Object(Cake\Http\ServerRequest), Object(Cake\Http\Response))
#15 D:\xampp\htdocs\timetable\vendor\cakephp\cakephp\src\Http\Server.php(98): Cake\Http\Runner->run(Object(Cake\Http\MiddlewareQueue), Object(Cake\Http\ServerRequest), Object(Cake\Http\Response))
#16 D:\xampp\htdocs\timetable\webroot\index.php(40): Cake\Http\Server->run()
#17 {main}


2019-05-31 17:21:01 Warning: DebugKit is disabling itself as your host `localhost.timetable.com` is not in the known safe list of top-level-domains (localhost, dev, invalid, test, example, local). If you would like to force DebugKit on use the `DebugKit.forceEnable` Configure option.
2019-05-31 17:22:49 Warning: DebugKit is disabling itself as your host `localhost.timetable.com` is not in the known safe list of top-level-domains (localhost, dev, invalid, test, example, local). If you would like to force DebugKit on use the `DebugKit.forceEnable` Configure option.
2019-05-31 17:23:01 Warning: DebugKit is disabling itself as your host `localhost.timetable.com` is not in the known safe list of top-level-domains (localhost, dev, invalid, test, example, local). If you would like to force DebugKit on use the `DebugKit.forceEnable` Configure option.
2019-05-31 17:23:08 Warning: DebugKit is disabling itself as your host `localhost.timetable.com` is not in the known safe list of top-level-domains (localhost, dev, invalid, test, example, local). If you would like to force DebugKit on use the `DebugKit.forceEnable` Configure option.
2019-05-31 17:26:33 Warning: DebugKit is disabling itself as your host `localhost.timetable.com` is not in the known safe list of top-level-domains (localhost, dev, invalid, test, example, local). If you would like to force DebugKit on use the `DebugKit.forceEnable` Configure option.
2019-05-31 17:27:47 Warning: DebugKit is disabling itself as your host `localhost.timetable.com` is not in the known safe list of top-level-domains (localhost, dev, invalid, test, example, local). If you would like to force DebugKit on use the `DebugKit.forceEnable` Configure option.
2019-05-31 17:28:14 Warning: DebugKit is disabling itself as your host `localhost.timetable.com` is not in the known safe list of top-level-domains (localhost, dev, invalid, test, example, local). If you would like to force DebugKit on use the `DebugKit.forceEnable` Configure option.
2019-05-31 17:29:08 Warning: DebugKit is disabling itself as your host `localhost.timetable.com` is not in the known safe list of top-level-domains (localhost, dev, invalid, test, example, local). If you would like to force DebugKit on use the `DebugKit.forceEnable` Configure option.
2019-05-31 17:38:00 Warning: DebugKit is disabling itself as your host `localhost.timetable.com` is not in the known safe list of top-level-domains (localhost, dev, invalid, test, example, local). If you would like to force DebugKit on use the `DebugKit.forceEnable` Configure option.
2019-05-31 17:38:05 Warning: DebugKit is disabling itself as your host `localhost.timetable.com` is not in the known safe list of top-level-domains (localhost, dev, invalid, test, example, local). If you would like to force DebugKit on use the `DebugKit.forceEnable` Configure option.
2019-05-31 17:38:05 Error: [Cake\Database\Exception] SQLSTATE[42S02]: Base table or view not found: 1146 Table 'ttmdb.carts' doesn't exist
Request URL: /admin/add-class
Referer URL: http://localhost.timetable.com/admin/add-class
Stack Trace:
#0 D:\xampp\htdocs\timetable\vendor\cakephp\cakephp\src\Database\Schema\Collection.php(97): Cake\Database\Schema\Collection->_reflect('Column', 'carts', Array, Object(Cake\Database\Schema\TableSchema))
#1 D:\xampp\htdocs\timetable\vendor\cakephp\cakephp\src\Database\Schema\CachedCollection.php(63): Cake\Database\Schema\Collection->describe('carts', Array)
#2 D:\xampp\htdocs\timetable\vendor\cakephp\cakephp\src\ORM\Table.php(548): Cake\Database\Schema\CachedCollection->describe('carts')
#3 D:\xampp\htdocs\timetable\vendor\cakephp\cakephp\src\ORM\Marshaller.php(69): Cake\ORM\Table->getSchema()
#4 D:\xampp\htdocs\timetable\vendor\cakephp\cakephp\src\ORM\Marshaller.php(186): Cake\ORM\Marshaller->_buildPropertyMap(Array, Array)
#5 D:\xampp\htdocs\timetable\vendor\cakephp\cakephp\src\ORM\Table.php(2621): Cake\ORM\Marshaller->one(Array, Array)
#6 D:\xampp\htdocs\timetable\src\Controller\AdminController.php(16): Cake\ORM\Table->newEntity(Array)
#7 D:\xampp\htdocs\timetable\vendor\cakephp\cakephp\src\Controller\Controller.php(596): App\Controller\AdminController->addClass()
#8 D:\xampp\htdocs\timetable\vendor\cakephp\cakephp\src\Http\ActionDispatcher.php(120): Cake\Controller\Controller->invokeAction()
#9 D:\xampp\htdocs\timetable\vendor\cakephp\cakephp\src\Http\ActionDispatcher.php(94): Cake\Http\ActionDispatcher->_invoke(Object(App\Controller\AdminController))
#10 D:\xampp\htdocs\timetable\vendor\cakephp\cakephp\src\Http\BaseApplication.php(235): Cake\Http\ActionDispatcher->dispatch(Object(Cake\Http\ServerRequest), Object(Cake\Http\Response))
#11 D:\xampp\htdocs\timetable\vendor\cakephp\cakephp\src\Http\Runner.php(65): Cake\Http\BaseApplication->__invoke(Object(Cake\Http\ServerRequest), Object(Cake\Http\Response), Object(Cake\Http\Runner))
#12 D:\xampp\htdocs\timetable\vendor\cakephp\cakephp\src\Http\Middleware\CsrfProtectionMiddleware.php(107): Cake\Http\Runner->__invoke(Object(Cake\Http\ServerRequest), Object(Cake\Http\Response))
#13 D:\xampp\htdocs\timetable\vendor\cakephp\cakephp\src\Http\Runner.php(65): Cake\Http\Middleware\CsrfProtectionMiddleware->__invoke(Object(Cake\Http\ServerRequest), Object(Cake\Http\Response), Object(Cake\Http\Runner))
#14 D:\xampp\htdocs\timetable\vendor\cakephp\cakephp\src\Routing\Middleware\RoutingMiddleware.php(156): Cake\Http\Runner->__invoke(Object(Cake\Http\ServerRequest), Object(Cake\Http\Response))
#15 D:\xampp\htdocs\timetable\vendor\cakephp\cakephp\src\Http\Runner.php(65): Cake\Routing\Middleware\RoutingMiddleware->__invoke(Object(Cake\Http\ServerRequest), Object(Cake\Http\Response), Object(Cake\Http\Runner))
#16 D:\xampp\htdocs\timetable\vendor\cakephp\cakephp\src\Routing\Middleware\AssetMiddleware.php(88): Cake\Http\Runner->__invoke(Object(Cake\Http\ServerRequest), Object(Cake\Http\Response))
#17 D:\xampp\htdocs\timetable\vendor\cakephp\cakephp\src\Http\Runner.php(65): Cake\Routing\Middleware\AssetMiddleware->__invoke(Object(Cake\Http\ServerRequest), Object(Cake\Http\Response), Object(Cake\Http\Runner))
#18 D:\xampp\htdocs\timetable\vendor\cakephp\cakephp\src\Error\Middleware\ErrorHandlerMiddleware.php(98): Cake\Http\Runner->__invoke(Object(Cake\Http\ServerRequest), Object(Cake\Http\Response))
#19 D:\xampp\htdocs\timetable\vendor\cakephp\cakephp\src\Http\Runner.php(65): Cake\Error\Middleware\ErrorHandlerMiddleware->__invoke(Object(Cake\Http\ServerRequest), Object(Cake\Http\Response), Object(Cake\Http\Runner))
#20 D:\xampp\htdocs\timetable\vendor\cakephp\cakephp\src\Http\Runner.php(51): Cake\Http\Runner->__invoke(Object(Cake\Http\ServerRequest), Object(Cake\Http\Response))
#21 D:\xampp\htdocs\timetable\vendor\cakephp\cakephp\src\Http\Server.php(98): Cake\Http\Runner->run(Object(Cake\Http\MiddlewareQueue), Object(Cake\Http\ServerRequest), Object(Cake\Http\Response))
#22 D:\xampp\htdocs\timetable\webroot\index.php(40): Cake\Http\Server->run()
#23 {main}


2019-05-31 17:38:27 Warning: DebugKit is disabling itself as your host `localhost.timetable.com` is not in the known safe list of top-level-domains (localhost, dev, invalid, test, example, local). If you would like to force DebugKit on use the `DebugKit.forceEnable` Configure option.
2019-05-31 17:39:27 Warning: DebugKit is disabling itself as your host `localhost.timetable.com` is not in the known safe list of top-level-domains (localhost, dev, invalid, test, example, local). If you would like to force DebugKit on use the `DebugKit.forceEnable` Configure option.
2019-05-31 17:39:32 Warning: DebugKit is disabling itself as your host `localhost.timetable.com` is not in the known safe list of top-level-domains (localhost, dev, invalid, test, example, local). If you would like to force DebugKit on use the `DebugKit.forceEnable` Configure option.
2019-05-31 17:40:25 Warning: DebugKit is disabling itself as your host `localhost.timetable.com` is not in the known safe list of top-level-domains (localhost, dev, invalid, test, example, local). If you would like to force DebugKit on use the `DebugKit.forceEnable` Configure option.
2019-05-31 17:40:33 Warning: DebugKit is disabling itself as your host `localhost.timetable.com` is not in the known safe list of top-level-domains (localhost, dev, invalid, test, example, local). If you would like to force DebugKit on use the `DebugKit.forceEnable` Configure option.
